(0.000) 
            SELECT name, type FROM sqlite_master
            WHERE type in ('table', 'view') AND NOT name='sqlite_sequence'
            ORDER BY name; args=None
(0.000) SELECT "django_migrations"."id", "django_migrations"."app", "django_migrations"."name", "django_migrations"."applied" FROM "django_migrations"; args=()
(0.000) 
            SELECT name, type FROM sqlite_master
            WHERE type in ('table', 'view') AND NOT name='sqlite_sequence'
            ORDER BY name; args=None
(0.000) SELECT "django_migrations"."id", "django_migrations"."app", "django_migrations"."name", "django_migrations"."applied" FROM "django_migrations"; args=()
(0.000) 
            SELECT name, type FROM sqlite_master
            WHERE type in ('table', 'view') AND NOT name='sqlite_sequence'
            ORDER BY name; args=None
(0.000) SELECT "django_migrations"."id", "django_migrations"."app", "django_migrations"."name", "django_migrations"."applied" FROM "django_migrations"; args=()
(0.000) 
            SELECT name, type FROM sqlite_master
            WHERE type in ('table', 'view') AND NOT name='sqlite_sequence'
            ORDER BY name; args=None
(0.000) 
            SELECT name, type FROM sqlite_master
            WHERE type in ('table', 'view') AND NOT name='sqlite_sequence'
            ORDER BY name; args=None
(0.000) SELECT "django_migrations"."id", "django_migrations"."app", "django_migrations"."name", "django_migrations"."applied" FROM "django_migrations"; args=()
(0.000) SELECT "django_content_type"."id", "django_content_type"."app_label", "django_content_type"."model" FROM "django_content_type" WHERE "django_content_type"."app_label" = 'admin'; args=('admin',)
(0.000) SELECT "django_content_type"."id", "django_content_type"."app_label", "django_content_type"."model" FROM "django_content_type" WHERE ("django_content_type"."app_label" = 'admin' AND "django_content_type"."model" = 'logentry') LIMIT 21; args=('admin', 'logentry')
(0.000) SELECT "auth_permission"."content_type_id", "auth_permission"."codename" FROM "auth_permission" INNER JOIN "django_content_type" ON ("auth_permission"."content_type_id" = "django_content_type"."id") WHERE "auth_permission"."content_type_id" IN (1) ORDER BY "django_content_type"."app_label" ASC, "django_content_type"."model" ASC, "auth_permission"."codename" ASC; args=(1,)
(0.000) SELECT "django_content_type"."id", "django_content_type"."app_label", "django_content_type"."model" FROM "django_content_type" WHERE "django_content_type"."app_label" = 'admin'; args=('admin',)
(0.000) SELECT "django_content_type"."id", "django_content_type"."app_label", "django_content_type"."model" FROM "django_content_type" WHERE "django_content_type"."app_label" = 'auth'; args=('auth',)
(0.000) SELECT "django_content_type"."id", "django_content_type"."app_label", "django_content_type"."model" FROM "django_content_type" WHERE ("django_content_type"."app_label" = 'auth' AND "django_content_type"."model" = 'permission') LIMIT 21; args=('auth', 'permission')
(0.000) SELECT "django_content_type"."id", "django_content_type"."app_label", "django_content_type"."model" FROM "django_content_type" WHERE ("django_content_type"."app_label" = 'auth' AND "django_content_type"."model" = 'group') LIMIT 21; args=('auth', 'group')
(0.000) SELECT "django_content_type"."id", "django_content_type"."app_label", "django_content_type"."model" FROM "django_content_type" WHERE ("django_content_type"."app_label" = 'auth' AND "django_content_type"."model" = 'user') LIMIT 21; args=('auth', 'user')
(0.000) SELECT "auth_permission"."content_type_id", "auth_permission"."codename" FROM "auth_permission" INNER JOIN "django_content_type" ON ("auth_permission"."content_type_id" = "django_content_type"."id") WHERE "auth_permission"."content_type_id" IN (2, 3, 4) ORDER BY "django_content_type"."app_label" ASC, "django_content_type"."model" ASC, "auth_permission"."codename" ASC; args=(2, 3, 4)
(0.000) SELECT "django_content_type"."id", "django_content_type"."app_label", "django_content_type"."model" FROM "django_content_type" WHERE "django_content_type"."app_label" = 'auth'; args=('auth',)
(0.000) SELECT "django_content_type"."id", "django_content_type"."app_label", "django_content_type"."model" FROM "django_content_type" WHERE "django_content_type"."app_label" = 'contenttypes'; args=('contenttypes',)
(0.000) SELECT "django_content_type"."id", "django_content_type"."app_label", "django_content_type"."model" FROM "django_content_type" WHERE ("django_content_type"."app_label" = 'contenttypes' AND "django_content_type"."model" = 'contenttype') LIMIT 21; args=('contenttypes', 'contenttype')
(0.000) SELECT "auth_permission"."content_type_id", "auth_permission"."codename" FROM "auth_permission" INNER JOIN "django_content_type" ON ("auth_permission"."content_type_id" = "django_content_type"."id") WHERE "auth_permission"."content_type_id" IN (5) ORDER BY "django_content_type"."app_label" ASC, "django_content_type"."model" ASC, "auth_permission"."codename" ASC; args=(5,)
(0.000) SELECT "django_content_type"."id", "django_content_type"."app_label", "django_content_type"."model" FROM "django_content_type" WHERE "django_content_type"."app_label" = 'contenttypes'; args=('contenttypes',)
(0.000) SELECT "django_content_type"."id", "django_content_type"."app_label", "django_content_type"."model" FROM "django_content_type" WHERE "django_content_type"."app_label" = 'sessions'; args=('sessions',)
(0.000) SELECT "django_content_type"."id", "django_content_type"."app_label", "django_content_type"."model" FROM "django_content_type" WHERE ("django_content_type"."app_label" = 'sessions' AND "django_content_type"."model" = 'session') LIMIT 21; args=('sessions', 'session')
(0.000) SELECT "auth_permission"."content_type_id", "auth_permission"."codename" FROM "auth_permission" INNER JOIN "django_content_type" ON ("auth_permission"."content_type_id" = "django_content_type"."id") WHERE "auth_permission"."content_type_id" IN (6) ORDER BY "django_content_type"."app_label" ASC, "django_content_type"."model" ASC, "auth_permission"."codename" ASC; args=(6,)
(0.000) SELECT "django_content_type"."id", "django_content_type"."app_label", "django_content_type"."model" FROM "django_content_type" WHERE "django_content_type"."app_label" = 'sessions'; args=('sessions',)
(0.000) SELECT "django_content_type"."id", "django_content_type"."app_label", "django_content_type"."model" FROM "django_content_type" WHERE "django_content_type"."app_label" = 'api'; args=('api',)
(0.000) SELECT "django_content_type"."id", "django_content_type"."app_label", "django_content_type"."model" FROM "django_content_type" WHERE ("django_content_type"."app_label" = 'api' AND "django_content_type"."model" = 'clinic') LIMIT 21; args=('api', 'clinic')
(0.000) SELECT "django_content_type"."id", "django_content_type"."app_label", "django_content_type"."model" FROM "django_content_type" WHERE ("django_content_type"."app_label" = 'api' AND "django_content_type"."model" = 'patient') LIMIT 21; args=('api', 'patient')
(0.000) SELECT "django_content_type"."id", "django_content_type"."app_label", "django_content_type"."model" FROM "django_content_type" WHERE ("django_content_type"."app_label" = 'api' AND "django_content_type"."model" = 'appointment') LIMIT 21; args=('api', 'appointment')
(0.000) SELECT "auth_permission"."content_type_id", "auth_permission"."codename" FROM "auth_permission" INNER JOIN "django_content_type" ON ("auth_permission"."content_type_id" = "django_content_type"."id") WHERE "auth_permission"."content_type_id" IN (8, 9, 10) ORDER BY "django_content_type"."app_label" ASC, "django_content_type"."model" ASC, "auth_permission"."codename" ASC; args=(8, 9, 10)
(0.000) SELECT "django_content_type"."id", "django_content_type"."app_label", "django_content_type"."model" FROM "django_content_type" WHERE "django_content_type"."app_label" = 'api'; args=('api',)
(0.000) BEGIN; args=None
(0.015) DELETE FROM "api_patient"; args=()
(0.000) SELECT "api_clinic"."id", "api_clinic"."lat", "api_clinic"."lon", "api_clinic"."name", "api_clinic"."email", "api_clinic"."address", "api_clinic"."username", "api_clinic"."password" FROM "api_clinic"; args=()
(0.000) BEGIN; args=None
(0.000) DELETE FROM "api_appointment" WHERE "api_appointment"."clinic_id" IN (52); args=(52,)
(0.000) DELETE FROM "api_clinic" WHERE "api_clinic"."id" IN (52); args=(52,)
(0.000) BEGIN; args=None
(0.000) DELETE FROM "api_appointment"; args=()
(0.000) UPDATE "api_patient" SET "age" = 80, "firstName" = 'Harold', "lastName" = 'Smith', "phoneNumber" = '6475294998', "email" = 'harold@mail.tv', "vaccinationStatus" = '2D', "notificationStatus" = 'Unnotified', "occupation" = 'Tier 3', "transport" = 'Car', "highRiskHousehold" = 1, "healthcareNum" = '20357819854', "lat" = 20.15, "lon" = 23.13, "riskFactors" = 3 WHERE "api_patient"."id" = 1; args=(80, 'Harold', 'Smith', '6475294998', 'harold@mail.tv', '2D', 'Unnotified', 'Tier 3', 'Car', True, '20357819854', 20.15, 23.13, 3, 1)
(0.000) UPDATE "api_patient" SET "age" = 27, "firstName" = 'lil', "lastName" = 'marco', "phoneNumber" = '24572457', "email" = 'lilmarco@rocketmail.org', "vaccinationStatus" = '0D', "notificationStatus" = 'Unnotified', "occupation" = 'Tier 3', "transport" = 'Car', "highRiskHousehold" = 0, "healthcareNum" = '15472345', "lat" = -40.15, "lon" = 25.13, "riskFactors" = 6 WHERE "api_patient"."id" = 2; args=(27, 'lil', 'marco', '24572457', 'lilmarco@rocketmail.org', '0D', 'Unnotified', 'Tier 3', 'Car', False, '15472345', -40.15, 25.13, 6, 2)
(0.016) UPDATE "api_patient" SET "age" = 69, "firstName" = 'obama', "lastName" = 'obama?idk his last name', "phoneNumber" = '53463456', "email" = 'obama@usa.us', "vaccinationStatus" = '0D', "notificationStatus" = 'Unnotified', "occupation" = 'Tier 4', "transport" = 'Car', "highRiskHousehold" = 1, "healthcareNum" = '234161353', "lat" = 4.2, "lon" = 4.2, "riskFactors" = 3 WHERE "api_patient"."id" = 3; args=(69, 'obama', 'obama?idk his last name', '53463456', 'obama@usa.us', '0D', 'Unnotified', 'Tier 4', 'Car', True, '234161353', 4.2, 4.2, 3, 3)
(0.015) INSERT INTO "api_clinic" ("lat", "lon", "name", "email", "address", "username", "password") VALUES (37.3, -25.0, 'main clinic', 'healthcare@vaccine', 'ur moms house', '', ''); args=[37.3, -25.0, 'main clinic', 'healthcare@vaccine', 'ur moms house', '', '']
(0.016) INSERT INTO "api_appointment" ("patient_id", "status", "clinic_id", "time", "confirmationTime", "messageSentTime", "date") VALUES (NULL, 'open', 53, '01:58:16.134067', NULL, NULL, '2021-01-31'); args=[None, 'open', 53, '01:58:16.134067', None, None, '2021-01-31']
(0.000) SELECT "api_patient"."id", "api_patient"."age", "api_patient"."firstName", "api_patient"."lastName", "api_patient"."phoneNumber", "api_patient"."email", "api_patient"."vaccinationStatus", "api_patient"."notificationStatus", "api_patient"."occupation", "api_patient"."transport", "api_patient"."highRiskHousehold", "api_patient"."healthcareNum", "api_patient"."lat", "api_patient"."lon", "api_patient"."riskFactors" FROM "api_patient" WHERE ("api_patient"."notificationStatus" = 'Unnotified' AND NOT ("api_patient"."vaccinationStatus" = '2D')) LIMIT 1; args=('Unnotified', '2D')
(0.000) SELECT "api_patient"."id", "api_patient"."age", "api_patient"."firstName", "api_patient"."lastName", "api_patient"."phoneNumber", "api_patient"."email", "api_patient"."vaccinationStatus", "api_patient"."notificationStatus", "api_patient"."occupation", "api_patient"."transport", "api_patient"."highRiskHousehold", "api_patient"."healthcareNum", "api_patient"."lat", "api_patient"."lon", "api_patient"."riskFactors" FROM "api_patient" WHERE ("api_patient"."notificationStatus" = 'Unnotified' AND NOT ("api_patient"."vaccinationStatus" = '2D')); args=('Unnotified', '2D')
(0.000) UPDATE "api_appointment" SET "patient_id" = 3, "messageSentTime" = '01:58:16.155098' WHERE "api_appointment"."id" = 2; args=(3, '01:58:16.155098', 2)
(0.016) UPDATE "api_patient" SET "notificationStatus" = 'Notified' WHERE "api_patient"."id" = 3; args=('Notified', 3)
